2025-09-24T06:30:54.236Z [error] : SequelizeDatabaseError : relation "lead_teams" does not exist Error
    at Query.run (/home/parul/Documents/Project/Taylor/Blue-sky/blue-sky-tie-down-node-api/node_modules/sequelize/lib/dialects/postgres/query.js:50:25)
    at /home/parul/Documents/Project/Taylor/Blue-sky/blue-sky-tie-down-node-api/node_modules/sequelize/lib/sequelize.js:315:28
    at process.processTicksAndRejections (node:internal/process/task_queues:95:5)
    at async PostgresQueryInterface.insert (/home/parul/Documents/Project/Taylor/Blue-sky/blue-sky-tie-down-node-api/node_modules/sequelize/lib/dialects/abstract/query-interface.js:308:21)
    at async model.save (/home/parul/Documents/Project/Taylor/Blue-sky/blue-sky-tie-down-node-api/node_modules/sequelize/lib/model.js:2490:35)
    at async lead_teams.create (/home/parul/Documents/Project/Taylor/Blue-sky/blue-sky-tie-down-node-api/node_modules/sequelize/lib/model.js:1362:12)
    at async Object.addLeadTeams (/home/parul/Documents/Project/Taylor/Blue-sky/blue-sky-tie-down-node-api/api/v1.0.1/services/leadTeams.services.js:10:23)
    at async addLeadTeams (/home/parul/Documents/Project/Taylor/Blue-sky/blue-sky-tie-down-node-api/api/v1.0.1/controllers/leadTeams.controller.js:28:7) 
2025-09-24T07:28:28.494Z [error] : uncaughtException: missing ) after argument list
/home/parul/Documents/Project/Taylor/Blue-sky/blue-sky-tie-down-node-api/api/v1.0.1/controllers/leadTeams.controller.js:28
      console.log(''');
                  ^^

SyntaxError: missing ) after argument list
    at wrapSafe (node:internal/modules/cjs/loader:1378:20)
    at Module._compile (node:internal/modules/cjs/loader:1428:41)
    at Module._extensions..js (node:internal/modules/cjs/loader:1548:10)
    at Module.load (node:internal/modules/cjs/loader:1288:32)
    at Module._load (node:internal/modules/cjs/loader:1104:12)
    at Module.require (node:internal/modules/cjs/loader:1311:19)
    at require (node:internal/modules/helpers:179:18)
    at Object.<anonymous> (/home/parul/Documents/Project/Taylor/Blue-sky/blue-sky-tie-down-node-api/api/v1.0.1/routes/leadTeams.routes.js:3:29)
    at Module._compile (node:internal/modules/cjs/loader:1469:14)
    at Module._extensions..js (node:internal/modules/cjs/loader:1548:10) {"error":{},"stack":"/home/parul/Documents/Project/Taylor/Blue-sky/blue-sky-tie-down-node-api/api/v1.0.1/controllers/leadTeams.controller.js:28\n      console.log(''');\n                  ^^\n\nSyntaxError: missing ) after argument list\n    at wrapSafe (node:internal/modules/cjs/loader:1378:20)\n    at Module._compile (node:internal/modules/cjs/loader:1428:41)\n    at Module._extensions..js (node:internal/modules/cjs/loader:1548:10)\n    at Module.load (node:internal/modules/cjs/loader:1288:32)\n    at Module._load (node:internal/modules/cjs/loader:1104:12)\n    at Module.require (node:internal/modules/cjs/loader:1311:19)\n    at require (node:internal/modules/helpers:179:18)\n    at Object.<anonymous> (/home/parul/Documents/Project/Taylor/Blue-sky/blue-sky-tie-down-node-api/api/v1.0.1/routes/leadTeams.routes.js:3:29)\n    at Module._compile (node:internal/modules/cjs/loader:1469:14)\n    at Module._extensions..js (node:internal/modules/cjs/loader:1548:10)","exception":true,"date":"Wed Sep 24 2025 12:58:28 GMT+0530 (India Standard Time)","process":{"pid":168725,"uid":1000,"gid":1000,"cwd":"/home/parul/Documents/Project/Taylor/Blue-sky/blue-sky-tie-down-node-api","execPath":"/home/parul/.nvm/versions/node/v20.18.0/bin/node","version":"v20.18.0","argv":["/home/parul/.nvm/versions/node/v20.18.0/bin/node","/home/parul/Documents/Project/Taylor/Blue-sky/blue-sky-tie-down-node-api/index.js"],"memoryUsage":{"rss":151912448,"heapTotal":91066368,"heapUsed":65189672,"external":6993483,"arrayBuffers":3471915}},"os":{"loadavg":[1.43,0.78,0.6],"uptime":12493.59},"trace":[{"column":20,"file":"node:internal/modules/cjs/loader","function":"wrapSafe","line":1378,"method":null,"native":false},{"column":41,"file":"node:internal/modules/cjs/loader","function":"Module._compile","line":1428,"method":"_compile","native":false},{"column":10,"file":"node:internal/modules/cjs/loader","function":"Module._extensions..js","line":1548,"method":".js","native":false},{"column":32,"file":"node:internal/modules/cjs/loader","function":"Module.load","line":1288,"method":"load","native":false},{"column":12,"file":"node:internal/modules/cjs/loader","function":"Module._load","line":1104,"method":"_load","native":false},{"column":19,"file":"node:internal/modules/cjs/loader","function":"Module.require","line":1311,"method":"require","native":false},{"column":18,"file":"node:internal/modules/helpers","function":"require","line":179,"method":null,"native":false},{"column":29,"file":"/home/parul/Documents/Project/Taylor/Blue-sky/blue-sky-tie-down-node-api/api/v1.0.1/routes/leadTeams.routes.js","function":null,"line":3,"method":null,"native":false},{"column":14,"file":"node:internal/modules/cjs/loader","function":"Module._compile","line":1469,"method":"_compile","native":false},{"column":10,"file":"node:internal/modules/cjs/loader","function":"Module._extensions..js","line":1548,"method":".js","native":false}]}
2025-09-24T07:28:30.435Z [error] : uncaughtException: missing ) after argument list
/home/parul/Documents/Project/Taylor/Blue-sky/blue-sky-tie-down-node-api/api/v1.0.1/controllers/leadTeams.controller.js:28
      console.log('postData'');
                  ^^^^^^^^^^

SyntaxError: missing ) after argument list
    at wrapSafe (node:internal/modules/cjs/loader:1378:20)
    at Module._compile (node:internal/modules/cjs/loader:1428:41)
    at Module._extensions..js (node:internal/modules/cjs/loader:1548:10)
    at Module.load (node:internal/modules/cjs/loader:1288:32)
    at Module._load (node:internal/modules/cjs/loader:1104:12)
    at Module.require (node:internal/modules/cjs/loader:1311:19)
    at require (node:internal/modules/helpers:179:18)
    at Object.<anonymous> (/home/parul/Documents/Project/Taylor/Blue-sky/blue-sky-tie-down-node-api/api/v1.0.1/routes/leadTeams.routes.js:3:29)
    at Module._compile (node:internal/modules/cjs/loader:1469:14)
    at Module._extensions..js (node:internal/modules/cjs/loader:1548:10) {"error":{},"stack":"/home/parul/Documents/Project/Taylor/Blue-sky/blue-sky-tie-down-node-api/api/v1.0.1/controllers/leadTeams.controller.js:28\n      console.log('postData'');\n                  ^^^^^^^^^^\n\nSyntaxError: missing ) after argument list\n    at wrapSafe (node:internal/modules/cjs/loader:1378:20)\n    at Module._compile (node:internal/modules/cjs/loader:1428:41)\n    at Module._extensions..js (node:internal/modules/cjs/loader:1548:10)\n    at Module.load (node:internal/modules/cjs/loader:1288:32)\n    at Module._load (node:internal/modules/cjs/loader:1104:12)\n    at Module.require (node:internal/modules/cjs/loader:1311:19)\n    at require (node:internal/modules/helpers:179:18)\n    at Object.<anonymous> (/home/parul/Documents/Project/Taylor/Blue-sky/blue-sky-tie-down-node-api/api/v1.0.1/routes/leadTeams.routes.js:3:29)\n    at Module._compile (node:internal/modules/cjs/loader:1469:14)\n    at Module._extensions..js (node:internal/modules/cjs/loader:1548:10)","exception":true,"date":"Wed Sep 24 2025 12:58:30 GMT+0530 (India Standard Time)","process":{"pid":168780,"uid":1000,"gid":1000,"cwd":"/home/parul/Documents/Project/Taylor/Blue-sky/blue-sky-tie-down-node-api","execPath":"/home/parul/.nvm/versions/node/v20.18.0/bin/node","version":"v20.18.0","argv":["/home/parul/.nvm/versions/node/v20.18.0/bin/node","/home/parul/Documents/Project/Taylor/Blue-sky/blue-sky-tie-down-node-api/index.js"],"memoryUsage":{"rss":151928832,"heapTotal":90542080,"heapUsed":65228008,"external":6993483,"arrayBuffers":3471915}},"os":{"loadavg":[1.43,0.78,0.6],"uptime":12495.53},"trace":[{"column":20,"file":"node:internal/modules/cjs/loader","function":"wrapSafe","line":1378,"method":null,"native":false},{"column":41,"file":"node:internal/modules/cjs/loader","function":"Module._compile","line":1428,"method":"_compile","native":false},{"column":10,"file":"node:internal/modules/cjs/loader","function":"Module._extensions..js","line":1548,"method":".js","native":false},{"column":32,"file":"node:internal/modules/cjs/loader","function":"Module.load","line":1288,"method":"load","native":false},{"column":12,"file":"node:internal/modules/cjs/loader","function":"Module._load","line":1104,"method":"_load","native":false},{"column":19,"file":"node:internal/modules/cjs/loader","function":"Module.require","line":1311,"method":"require","native":false},{"column":18,"file":"node:internal/modules/helpers","function":"require","line":179,"method":null,"native":false},{"column":29,"file":"/home/parul/Documents/Project/Taylor/Blue-sky/blue-sky-tie-down-node-api/api/v1.0.1/routes/leadTeams.routes.js","function":null,"line":3,"method":null,"native":false},{"column":14,"file":"node:internal/modules/cjs/loader","function":"Module._compile","line":1469,"method":"_compile","native":false},{"column":10,"file":"node:internal/modules/cjs/loader","function":"Module._extensions..js","line":1548,"method":".js","native":false}]}
2025-09-24T07:32:41.376Z [error] : uncaughtException: Unexpected token 'async'
/home/parul/Documents/Project/Taylor/Blue-sky/blue-sky-tie-down-node-api/api/v1.0.1/controllers/leadTeams.controller.js:52
  async getAllLeadTeams(req, res) {
  ^^^^^

SyntaxError: Unexpected token 'async'
    at wrapSafe (node:internal/modules/cjs/loader:1378:20)
    at Module._compile (node:internal/modules/cjs/loader:1428:41)
    at Module._extensions..js (node:internal/modules/cjs/loader:1548:10)
    at Module.load (node:internal/modules/cjs/loader:1288:32)
    at Module._load (node:internal/modules/cjs/loader:1104:12)
    at Module.require (node:internal/modules/cjs/loader:1311:19)
    at require (node:internal/modules/helpers:179:18)
    at Object.<anonymous> (/home/parul/Documents/Project/Taylor/Blue-sky/blue-sky-tie-down-node-api/api/v1.0.1/routes/leadTeams.routes.js:3:29)
    at Module._compile (node:internal/modules/cjs/loader:1469:14)
    at Module._extensions..js (node:internal/modules/cjs/loader:1548:10) {"error":{},"stack":"/home/parul/Documents/Project/Taylor/Blue-sky/blue-sky-tie-down-node-api/api/v1.0.1/controllers/leadTeams.controller.js:52\n  async getAllLeadTeams(req, res) {\n  ^^^^^\n\nSyntaxError: Unexpected token 'async'\n    at wrapSafe (node:internal/modules/cjs/loader:1378:20)\n    at Module._compile (node:internal/modules/cjs/loader:1428:41)\n    at Module._extensions..js (node:internal/modules/cjs/loader:1548:10)\n    at Module.load (node:internal/modules/cjs/loader:1288:32)\n    at Module._load (node:internal/modules/cjs/loader:1104:12)\n    at Module.require (node:internal/modules/cjs/loader:1311:19)\n    at require (node:internal/modules/helpers:179:18)\n    at Object.<anonymous> (/home/parul/Documents/Project/Taylor/Blue-sky/blue-sky-tie-down-node-api/api/v1.0.1/routes/leadTeams.routes.js:3:29)\n    at Module._compile (node:internal/modules/cjs/loader:1469:14)\n    at Module._extensions..js (node:internal/modules/cjs/loader:1548:10)","exception":true,"date":"Wed Sep 24 2025 13:02:41 GMT+0530 (India Standard Time)","process":{"pid":172731,"uid":1000,"gid":1000,"cwd":"/home/parul/Documents/Project/Taylor/Blue-sky/blue-sky-tie-down-node-api","execPath":"/home/parul/.nvm/versions/node/v20.18.0/bin/node","version":"v20.18.0","argv":["/home/parul/.nvm/versions/node/v20.18.0/bin/node","/home/parul/Documents/Project/Taylor/Blue-sky/blue-sky-tie-down-node-api/index.js"],"memoryUsage":{"rss":151457792,"heapTotal":90542080,"heapUsed":65316360,"external":6993483,"arrayBuffers":3471915}},"os":{"loadavg":[1.01,1.01,0.76],"uptime":12746.47},"trace":[{"column":20,"file":"node:internal/modules/cjs/loader","function":"wrapSafe","line":1378,"method":null,"native":false},{"column":41,"file":"node:internal/modules/cjs/loader","function":"Module._compile","line":1428,"method":"_compile","native":false},{"column":10,"file":"node:internal/modules/cjs/loader","function":"Module._extensions..js","line":1548,"method":".js","native":false},{"column":32,"file":"node:internal/modules/cjs/loader","function":"Module.load","line":1288,"method":"load","native":false},{"column":12,"file":"node:internal/modules/cjs/loader","function":"Module._load","line":1104,"method":"_load","native":false},{"column":19,"file":"node:internal/modules/cjs/loader","function":"Module.require","line":1311,"method":"require","native":false},{"column":18,"file":"node:internal/modules/helpers","function":"require","line":179,"method":null,"native":false},{"column":29,"file":"/home/parul/Documents/Project/Taylor/Blue-sky/blue-sky-tie-down-node-api/api/v1.0.1/routes/leadTeams.routes.js","function":null,"line":3,"method":null,"native":false},{"column":14,"file":"node:internal/modules/cjs/loader","function":"Module._compile","line":1469,"method":"_compile","native":false},{"column":10,"file":"node:internal/modules/cjs/loader","function":"Module._extensions..js","line":1548,"method":".js","native":false}]}
2025-09-24T07:32:42.895Z [error] : uncaughtException: Unexpected token 'async'
/home/parul/Documents/Project/Taylor/Blue-sky/blue-sky-tie-down-node-api/api/v1.0.1/controllers/leadTeams.controller.js:52
  async getAllLeadTeams(req, res) {
  ^^^^^

SyntaxError: Unexpected token 'async'
    at wrapSafe (node:internal/modules/cjs/loader:1378:20)
    at Module._compile (node:internal/modules/cjs/loader:1428:41)
    at Module._extensions..js (node:internal/modules/cjs/loader:1548:10)
    at Module.load (node:internal/modules/cjs/loader:1288:32)
    at Module._load (node:internal/modules/cjs/loader:1104:12)
    at Module.require (node:internal/modules/cjs/loader:1311:19)
    at require (node:internal/modules/helpers:179:18)
    at Object.<anonymous> (/home/parul/Documents/Project/Taylor/Blue-sky/blue-sky-tie-down-node-api/api/v1.0.1/routes/leadTeams.routes.js:3:29)
    at Module._compile (node:internal/modules/cjs/loader:1469:14)
    at Module._extensions..js (node:internal/modules/cjs/loader:1548:10) {"error":{},"stack":"/home/parul/Documents/Project/Taylor/Blue-sky/blue-sky-tie-down-node-api/api/v1.0.1/controllers/leadTeams.controller.js:52\n  async getAllLeadTeams(req, res) {\n  ^^^^^\n\nSyntaxError: Unexpected token 'async'\n    at wrapSafe (node:internal/modules/cjs/loader:1378:20)\n    at Module._compile (node:internal/modules/cjs/loader:1428:41)\n    at Module._extensions..js (node:internal/modules/cjs/loader:1548:10)\n    at Module.load (node:internal/modules/cjs/loader:1288:32)\n    at Module._load (node:internal/modules/cjs/loader:1104:12)\n    at Module.require (node:internal/modules/cjs/loader:1311:19)\n    at require (node:internal/modules/helpers:179:18)\n    at Object.<anonymous> (/home/parul/Documents/Project/Taylor/Blue-sky/blue-sky-tie-down-node-api/api/v1.0.1/routes/leadTeams.routes.js:3:29)\n    at Module._compile (node:internal/modules/cjs/loader:1469:14)\n    at Module._extensions..js (node:internal/modules/cjs/loader:1548:10)","exception":true,"date":"Wed Sep 24 2025 13:02:42 GMT+0530 (India Standard Time)","process":{"pid":172798,"uid":1000,"gid":1000,"cwd":"/home/parul/Documents/Project/Taylor/Blue-sky/blue-sky-tie-down-node-api","execPath":"/home/parul/.nvm/versions/node/v20.18.0/bin/node","version":"v20.18.0","argv":["/home/parul/.nvm/versions/node/v20.18.0/bin/node","/home/parul/Documents/Project/Taylor/Blue-sky/blue-sky-tie-down-node-api/index.js"],"memoryUsage":{"rss":151625728,"heapTotal":90542080,"heapUsed":65331552,"external":6993483,"arrayBuffers":3471915}},"os":{"loadavg":[1.09,1.03,0.76],"uptime":12747.99},"trace":[{"column":20,"file":"node:internal/modules/cjs/loader","function":"wrapSafe","line":1378,"method":null,"native":false},{"column":41,"file":"node:internal/modules/cjs/loader","function":"Module._compile","line":1428,"method":"_compile","native":false},{"column":10,"file":"node:internal/modules/cjs/loader","function":"Module._extensions..js","line":1548,"method":".js","native":false},{"column":32,"file":"node:internal/modules/cjs/loader","function":"Module.load","line":1288,"method":"load","native":false},{"column":12,"file":"node:internal/modules/cjs/loader","function":"Module._load","line":1104,"method":"_load","native":false},{"column":19,"file":"node:internal/modules/cjs/loader","function":"Module.require","line":1311,"method":"require","native":false},{"column":18,"file":"node:internal/modules/helpers","function":"require","line":179,"method":null,"native":false},{"column":29,"file":"/home/parul/Documents/Project/Taylor/Blue-sky/blue-sky-tie-down-node-api/api/v1.0.1/routes/leadTeams.routes.js","function":null,"line":3,"method":null,"native":false},{"column":14,"file":"node:internal/modules/cjs/loader","function":"Module._compile","line":1469,"method":"_compile","native":false},{"column":10,"file":"node:internal/modules/cjs/loader","function":"Module._extensions..js","line":1548,"method":".js","native":false}]}
2025-09-24T07:34:29.543Z [error] : uncaughtException: Invalid or unexpected token
/home/parul/Documents/Project/Taylor/Blue-sky/blue-sky-tie-down-node-api/api/v1.0.1/routes/leadTeams.routes.js:4
var { authJwt } = require("../middleware");\
                                           ^

SyntaxError: Invalid or unexpected token
    at wrapSafe (node:internal/modules/cjs/loader:1378:20)
    at Module._compile (node:internal/modules/cjs/loader:1428:41)
    at Module._extensions..js (node:internal/modules/cjs/loader:1548:10)
    at Module.load (node:internal/modules/cjs/loader:1288:32)
    at Module._load (node:internal/modules/cjs/loader:1104:12)
    at Module.require (node:internal/modules/cjs/loader:1311:19)
    at require (node:internal/modules/helpers:179:18)
    at Object.<anonymous> (/home/parul/Documents/Project/Taylor/Blue-sky/blue-sky-tie-down-node-api/api/v1.0.1/routes/index.js:43:12)
    at Module._compile (node:internal/modules/cjs/loader:1469:14)
    at Module._extensions..js (node:internal/modules/cjs/loader:1548:10) {"error":{},"stack":"/home/parul/Documents/Project/Taylor/Blue-sky/blue-sky-tie-down-node-api/api/v1.0.1/routes/leadTeams.routes.js:4\nvar { authJwt } = require(\"../middleware\");\\\n                                           ^\n\nSyntaxError: Invalid or unexpected token\n    at wrapSafe (node:internal/modules/cjs/loader:1378:20)\n    at Module._compile (node:internal/modules/cjs/loader:1428:41)\n    at Module._extensions..js (node:internal/modules/cjs/loader:1548:10)\n    at Module.load (node:internal/modules/cjs/loader:1288:32)\n    at Module._load (node:internal/modules/cjs/loader:1104:12)\n    at Module.require (node:internal/modules/cjs/loader:1311:19)\n    at require (node:internal/modules/helpers:179:18)\n    at Object.<anonymous> (/home/parul/Documents/Project/Taylor/Blue-sky/blue-sky-tie-down-node-api/api/v1.0.1/routes/index.js:43:12)\n    at Module._compile (node:internal/modules/cjs/loader:1469:14)\n    at Module._extensions..js (node:internal/modules/cjs/loader:1548:10)","exception":true,"date":"Wed Sep 24 2025 13:04:29 GMT+0530 (India Standard Time)","process":{"pid":174365,"uid":1000,"gid":1000,"cwd":"/home/parul/Documents/Project/Taylor/Blue-sky/blue-sky-tie-down-node-api","execPath":"/home/parul/.nvm/versions/node/v20.18.0/bin/node","version":"v20.18.0","argv":["/home/parul/.nvm/versions/node/v20.18.0/bin/node","/home/parul/Documents/Project/Taylor/Blue-sky/blue-sky-tie-down-node-api/index.js"],"memoryUsage":{"rss":151867392,"heapTotal":90542080,"heapUsed":65291968,"external":6993483,"arrayBuffers":3471915}},"os":{"loadavg":[1.27,1.16,0.84],"uptime":12854.64},"trace":[{"column":20,"file":"node:internal/modules/cjs/loader","function":"wrapSafe","line":1378,"method":null,"native":false},{"column":41,"file":"node:internal/modules/cjs/loader","function":"Module._compile","line":1428,"method":"_compile","native":false},{"column":10,"file":"node:internal/modules/cjs/loader","function":"Module._extensions..js","line":1548,"method":".js","native":false},{"column":32,"file":"node:internal/modules/cjs/loader","function":"Module.load","line":1288,"method":"load","native":false},{"column":12,"file":"node:internal/modules/cjs/loader","function":"Module._load","line":1104,"method":"_load","native":false},{"column":19,"file":"node:internal/modules/cjs/loader","function":"Module.require","line":1311,"method":"require","native":false},{"column":18,"file":"node:internal/modules/helpers","function":"require","line":179,"method":null,"native":false},{"column":12,"file":"/home/parul/Documents/Project/Taylor/Blue-sky/blue-sky-tie-down-node-api/api/v1.0.1/routes/index.js","function":null,"line":43,"method":null,"native":false},{"column":14,"file":"node:internal/modules/cjs/loader","function":"Module._compile","line":1469,"method":"_compile","native":false},{"column":10,"file":"node:internal/modules/cjs/loader","function":"Module._extensions..js","line":1548,"method":".js","native":false}]}
2025-09-24T07:34:46.950Z [error] : uncaughtException: missing ) after argument list
/home/parul/Documents/Project/Taylor/Blue-sky/blue-sky-tie-down-node-api/api/v1.0.1/routes/leadTeams.routes.js:8
router.post("/lead-teams",[authJwt.verifyToken], upload.none() leadTeamsController.addLeadTeams);
                                                             ^

SyntaxError: missing ) after argument list
    at wrapSafe (node:internal/modules/cjs/loader:1378:20)
    at Module._compile (node:internal/modules/cjs/loader:1428:41)
    at Module._extensions..js (node:internal/modules/cjs/loader:1548:10)
    at Module.load (node:internal/modules/cjs/loader:1288:32)
    at Module._load (node:internal/modules/cjs/loader:1104:12)
    at Module.require (node:internal/modules/cjs/loader:1311:19)
    at require (node:internal/modules/helpers:179:18)
    at Object.<anonymous> (/home/parul/Documents/Project/Taylor/Blue-sky/blue-sky-tie-down-node-api/api/v1.0.1/routes/index.js:43:12)
    at Module._compile (node:internal/modules/cjs/loader:1469:14)
    at Module._extensions..js (node:internal/modules/cjs/loader:1548:10) {"error":{},"stack":"/home/parul/Documents/Project/Taylor/Blue-sky/blue-sky-tie-down-node-api/api/v1.0.1/routes/leadTeams.routes.js:8\nrouter.post(\"/lead-teams\",[authJwt.verifyToken], upload.none() leadTeamsController.addLeadTeams);\n                                                             ^\n\nSyntaxError: missing ) after argument list\n    at wrapSafe (node:internal/modules/cjs/loader:1378:20)\n    at Module._compile (node:internal/modules/cjs/loader:1428:41)\n    at Module._extensions..js (node:internal/modules/cjs/loader:1548:10)\n    at Module.load (node:internal/modules/cjs/loader:1288:32)\n    at Module._load (node:internal/modules/cjs/loader:1104:12)\n    at Module.require (node:internal/modules/cjs/loader:1311:19)\n    at require (node:internal/modules/helpers:179:18)\n    at Object.<anonymous> (/home/parul/Documents/Project/Taylor/Blue-sky/blue-sky-tie-down-node-api/api/v1.0.1/routes/index.js:43:12)\n    at Module._compile (node:internal/modules/cjs/loader:1469:14)\n    at Module._extensions..js (node:internal/modules/cjs/loader:1548:10)","exception":true,"date":"Wed Sep 24 2025 13:04:46 GMT+0530 (India Standard Time)","process":{"pid":174703,"uid":1000,"gid":1000,"cwd":"/home/parul/Documents/Project/Taylor/Blue-sky/blue-sky-tie-down-node-api","execPath":"/home/parul/.nvm/versions/node/v20.18.0/bin/node","version":"v20.18.0","argv":["/home/parul/.nvm/versions/node/v20.18.0/bin/node","/home/parul/Documents/Project/Taylor/Blue-sky/blue-sky-tie-down-node-api/index.js"],"memoryUsage":{"rss":151392256,"heapTotal":90804224,"heapUsed":65101728,"external":6993483,"arrayBuffers":3471915}},"os":{"loadavg":[1.13,1.14,0.84],"uptime":12872.04},"trace":[{"column":20,"file":"node:internal/modules/cjs/loader","function":"wrapSafe","line":1378,"method":null,"native":false},{"column":41,"file":"node:internal/modules/cjs/loader","function":"Module._compile","line":1428,"method":"_compile","native":false},{"column":10,"file":"node:internal/modules/cjs/loader","function":"Module._extensions..js","line":1548,"method":".js","native":false},{"column":32,"file":"node:internal/modules/cjs/loader","function":"Module.load","line":1288,"method":"load","native":false},{"column":12,"file":"node:internal/modules/cjs/loader","function":"Module._load","line":1104,"method":"_load","native":false},{"column":19,"file":"node:internal/modules/cjs/loader","function":"Module.require","line":1311,"method":"require","native":false},{"column":18,"file":"node:internal/modules/helpers","function":"require","line":179,"method":null,"native":false},{"column":12,"file":"/home/parul/Documents/Project/Taylor/Blue-sky/blue-sky-tie-down-node-api/api/v1.0.1/routes/index.js","function":null,"line":43,"method":null,"native":false},{"column":14,"file":"node:internal/modules/cjs/loader","function":"Module._compile","line":1469,"method":"_compile","native":false},{"column":10,"file":"node:internal/modules/cjs/loader","function":"Module._extensions..js","line":1548,"method":".js","native":false}]}
2025-09-24T09:52:03.679Z [error] : uncaughtException: Router.use() requires a middleware function
TypeError: Router.use() requires a middleware function
    at Function.use (/home/parul/Documents/Project/Taylor/Blue-sky/blue-sky-tie-down-node-api/node_modules/express/lib/router/index.js:462:11)
    at Object.<anonymous> (/home/parul/Documents/Project/Taylor/Blue-sky/blue-sky-tie-down-node-api/api/v1.0.1/routes/index.js:44:8)
    at Module._compile (node:internal/modules/cjs/loader:1469:14)
    at Module._extensions..js (node:internal/modules/cjs/loader:1548:10)
    at Module.load (node:internal/modules/cjs/loader:1288:32)
    at Module._load (node:internal/modules/cjs/loader:1104:12)
    at Module.require (node:internal/modules/cjs/loader:1311:19)
    at require (node:internal/modules/helpers:179:18)
    at Object.<anonymous> (/home/parul/Documents/Project/Taylor/Blue-sky/blue-sky-tie-down-node-api/api/index.js:4:23)
    at Module._compile (node:internal/modules/cjs/loader:1469:14) {"error":{},"stack":"TypeError: Router.use() requires a middleware function\n    at Function.use (/home/parul/Documents/Project/Taylor/Blue-sky/blue-sky-tie-down-node-api/node_modules/express/lib/router/index.js:462:11)\n    at Object.<anonymous> (/home/parul/Documents/Project/Taylor/Blue-sky/blue-sky-tie-down-node-api/api/v1.0.1/routes/index.js:44:8)\n    at Module._compile (node:internal/modules/cjs/loader:1469:14)\n    at Module._extensions..js (node:internal/modules/cjs/loader:1548:10)\n    at Module.load (node:internal/modules/cjs/loader:1288:32)\n    at Module._load (node:internal/modules/cjs/loader:1104:12)\n    at Module.require (node:internal/modules/cjs/loader:1311:19)\n    at require (node:internal/modules/helpers:179:18)\n    at Object.<anonymous> (/home/parul/Documents/Project/Taylor/Blue-sky/blue-sky-tie-down-node-api/api/index.js:4:23)\n    at Module._compile (node:internal/modules/cjs/loader:1469:14)","exception":true,"date":"Wed Sep 24 2025 15:22:03 GMT+0530 (India Standard Time)","process":{"pid":300059,"uid":1000,"gid":1000,"cwd":"/home/parul/Documents/Project/Taylor/Blue-sky/blue-sky-tie-down-node-api","execPath":"/home/parul/.nvm/versions/node/v20.18.0/bin/node","version":"v20.18.0","argv":["/home/parul/.nvm/versions/node/v20.18.0/bin/node","/home/parul/Documents/Project/Taylor/Blue-sky/blue-sky-tie-down-node-api/index.js"],"memoryUsage":{"rss":151060480,"heapTotal":90542080,"heapUsed":65507168,"external":6993483,"arrayBuffers":3471915}},"os":{"loadavg":[1.42,1.19,1.22],"uptime":21108.77},"trace":[{"column":11,"file":"/home/parul/Documents/Project/Taylor/Blue-sky/blue-sky-tie-down-node-api/node_modules/express/lib/router/index.js","function":"Function.use","line":462,"method":"use","native":false},{"column":8,"file":"/home/parul/Documents/Project/Taylor/Blue-sky/blue-sky-tie-down-node-api/api/v1.0.1/routes/index.js","function":null,"line":44,"method":null,"native":false},{"column":14,"file":"node:internal/modules/cjs/loader","function":"Module._compile","line":1469,"method":"_compile","native":false},{"column":10,"file":"node:internal/modules/cjs/loader","function":"Module._extensions..js","line":1548,"method":".js","native":false},{"column":32,"file":"node:internal/modules/cjs/loader","function":"Module.load","line":1288,"method":"load","native":false},{"column":12,"file":"node:internal/modules/cjs/loader","function":"Module._load","line":1104,"method":"_load","native":false},{"column":19,"file":"node:internal/modules/cjs/loader","function":"Module.require","line":1311,"method":"require","native":false},{"column":18,"file":"node:internal/modules/helpers","function":"require","line":179,"method":null,"native":false},{"column":23,"file":"/home/parul/Documents/Project/Taylor/Blue-sky/blue-sky-tie-down-node-api/api/index.js","function":null,"line":4,"method":null,"native":false},{"column":14,"file":"node:internal/modules/cjs/loader","function":"Module._compile","line":1469,"method":"_compile","native":false}]}
2025-09-24T09:52:36.462Z [error] : TypeError : Cannot read properties of undefined (reading 'create') TypeError: Cannot read properties of undefined (reading 'create')
    at Object.addTeams (/home/parul/Documents/Project/Taylor/Blue-sky/blue-sky-tie-down-node-api/api/v1.0.1/services/termsCodes.services.js:10:35)
    at addTeams (/home/parul/Documents/Project/Taylor/Blue-sky/blue-sky-tie-down-node-api/api/v1.0.1/controllers/termsCodes.controller.js:32:32)
    at Layer.handle [as handle_request] (/home/parul/Documents/Project/Taylor/Blue-sky/blue-sky-tie-down-node-api/node_modules/express/lib/router/layer.js:95:5)
    at next (/home/parul/Documents/Project/Taylor/Blue-sky/blue-sky-tie-down-node-api/node_modules/express/lib/router/route.js:149:13)
    at done (/home/parul/Documents/Project/Taylor/Blue-sky/blue-sky-tie-down-node-api/node_modules/multer/lib/make-middleware.js:47:7)
    at indicateDone (/home/parul/Documents/Project/Taylor/Blue-sky/blue-sky-tie-down-node-api/node_modules/multer/lib/make-middleware.js:51:68)
    at Multipart.<anonymous> (/home/parul/Documents/Project/Taylor/Blue-sky/blue-sky-tie-down-node-api/node_modules/multer/lib/make-middleware.js:168:7)
    at Multipart.emit (node:events:519:28)
    at emitCloseNT (node:internal/streams/destroy:147:10)
    at process.processTicksAndRejections (node:internal/process/task_queues:81:21) 
2025-09-24T09:54:23.349Z [error] : SequelizeValidationError : notNull Violation: terms_codes.code cannot be null,
notNull Violation: terms_codes.due_type cannot be null,
notNull Violation: terms_codes.term_type cannot be null SequelizeValidationError: notNull Violation: terms_codes.code cannot be null,
notNull Violation: terms_codes.due_type cannot be null,
notNull Violation: terms_codes.term_type cannot be null
    at InstanceValidator._validate (/home/parul/Documents/Project/Taylor/Blue-sky/blue-sky-tie-down-node-api/node_modules/sequelize/lib/instance-validator.js:50:13)
    at process.processTicksAndRejections (node:internal/process/task_queues:95:5)
    at async InstanceValidator._validateAndRunHooks (/home/parul/Documents/Project/Taylor/Blue-sky/blue-sky-tie-down-node-api/node_modules/sequelize/lib/instance-validator.js:60:7)
    at async InstanceValidator.validate (/home/parul/Documents/Project/Taylor/Blue-sky/blue-sky-tie-down-node-api/node_modules/sequelize/lib/instance-validator.js:54:12)
    at async model.save (/home/parul/Documents/Project/Taylor/Blue-sky/blue-sky-tie-down-node-api/node_modules/sequelize/lib/model.js:2426:7)
    at async terms_codes.create (/home/parul/Documents/Project/Taylor/Blue-sky/blue-sky-tie-down-node-api/node_modules/sequelize/lib/model.js:1362:12)
    at async Object.addTeams (/home/parul/Documents/Project/Taylor/Blue-sky/blue-sky-tie-down-node-api/api/v1.0.1/services/termsCodes.services.js:10:14)
    at async addTeams (/home/parul/Documents/Project/Taylor/Blue-sky/blue-sky-tie-down-node-api/api/v1.0.1/controllers/termsCodes.controller.js:32:7) 
2025-09-24T09:56:15.745Z [error] : uncaughtException: Unexpected token 'async'
/home/parul/Documents/Project/Taylor/Blue-sky/blue-sky-tie-down-node-api/api/v1.0.1/controllers/termsCodes.controller.js:56
  async getAllTeams(req, res) {
  ^^^^^

SyntaxError: Unexpected token 'async'
    at wrapSafe (node:internal/modules/cjs/loader:1378:20)
    at Module._compile (node:internal/modules/cjs/loader:1428:41)
    at Module._extensions..js (node:internal/modules/cjs/loader:1548:10)
    at Module.load (node:internal/modules/cjs/loader:1288:32)
    at Module._load (node:internal/modules/cjs/loader:1104:12)
    at Module.require (node:internal/modules/cjs/loader:1311:19)
    at require (node:internal/modules/helpers:179:18)
    at Object.<anonymous> (/home/parul/Documents/Project/Taylor/Blue-sky/blue-sky-tie-down-node-api/api/v1.0.1/routes/termsCodes.routes.js:3:30)
    at Module._compile (node:internal/modules/cjs/loader:1469:14)
    at Module._extensions..js (node:internal/modules/cjs/loader:1548:10) {"error":{},"stack":"/home/parul/Documents/Project/Taylor/Blue-sky/blue-sky-tie-down-node-api/api/v1.0.1/controllers/termsCodes.controller.js:56\n  async getAllTeams(req, res) {\n  ^^^^^\n\nSyntaxError: Unexpected token 'async'\n    at wrapSafe (node:internal/modules/cjs/loader:1378:20)\n    at Module._compile (node:internal/modules/cjs/loader:1428:41)\n    at Module._extensions..js (node:internal/modules/cjs/loader:1548:10)\n    at Module.load (node:internal/modules/cjs/loader:1288:32)\n    at Module._load (node:internal/modules/cjs/loader:1104:12)\n    at Module.require (node:internal/modules/cjs/loader:1311:19)\n    at require (node:internal/modules/helpers:179:18)\n    at Object.<anonymous> (/home/parul/Documents/Project/Taylor/Blue-sky/blue-sky-tie-down-node-api/api/v1.0.1/routes/termsCodes.routes.js:3:30)\n    at Module._compile (node:internal/modules/cjs/loader:1469:14)\n    at Module._extensions..js (node:internal/modules/cjs/loader:1548:10)","exception":true,"date":"Wed Sep 24 2025 15:26:15 GMT+0530 (India Standard Time)","process":{"pid":305212,"uid":1000,"gid":1000,"cwd":"/home/parul/Documents/Project/Taylor/Blue-sky/blue-sky-tie-down-node-api","execPath":"/home/parul/.nvm/versions/node/v20.18.0/bin/node","version":"v20.18.0","argv":["/home/parul/.nvm/versions/node/v20.18.0/bin/node","/home/parul/Documents/Project/Taylor/Blue-sky/blue-sky-tie-down-node-api/index.js"],"memoryUsage":{"rss":151306240,"heapTotal":90804224,"heapUsed":65336344,"external":6993483,"arrayBuffers":3471915}},"os":{"loadavg":[1.34,1.27,1.24],"uptime":21360.84},"trace":[{"column":20,"file":"node:internal/modules/cjs/loader","function":"wrapSafe","line":1378,"method":null,"native":false},{"column":41,"file":"node:internal/modules/cjs/loader","function":"Module._compile","line":1428,"method":"_compile","native":false},{"column":10,"file":"node:internal/modules/cjs/loader","function":"Module._extensions..js","line":1548,"method":".js","native":false},{"column":32,"file":"node:internal/modules/cjs/loader","function":"Module.load","line":1288,"method":"load","native":false},{"column":12,"file":"node:internal/modules/cjs/loader","function":"Module._load","line":1104,"method":"_load","native":false},{"column":19,"file":"node:internal/modules/cjs/loader","function":"Module.require","line":1311,"method":"require","native":false},{"column":18,"file":"node:internal/modules/helpers","function":"require","line":179,"method":null,"native":false},{"column":30,"file":"/home/parul/Documents/Project/Taylor/Blue-sky/blue-sky-tie-down-node-api/api/v1.0.1/routes/termsCodes.routes.js","function":null,"line":3,"method":null,"native":false},{"column":14,"file":"node:internal/modules/cjs/loader","function":"Module._compile","line":1469,"method":"_compile","native":false},{"column":10,"file":"node:internal/modules/cjs/loader","function":"Module._extensions..js","line":1548,"method":".js","native":false}]}
2025-09-24T09:59:36.155Z [error] : Error : Lead team not found Error: Lead team not found
    at Object.getTeamsById (/home/parul/Documents/Project/Taylor/Blue-sky/blue-sky-tie-down-node-api/api/v1.0.1/services/termsCodes.services.js:55:15)
    at process.processTicksAndRejections (node:internal/process/task_queues:95:5)
    at async getTeamsById (/home/parul/Documents/Project/Taylor/Blue-sky/blue-sky-tie-down-node-api/api/v1.0.1/controllers/termsCodes.controller.js:111:22) 
2025-09-24T09:59:56.498Z [error] : uncaughtException: Unexpected token '='
/home/parul/Documents/Project/Taylor/Blue-sky/blue-sky-tie-down-node-api/api/v1.0.1/controllers/termsCodes.controller.js:12
=  /* Add Terms Code */
^

SyntaxError: Unexpected token '='
    at wrapSafe (node:internal/modules/cjs/loader:1378:20)
    at Module._compile (node:internal/modules/cjs/loader:1428:41)
    at Module._extensions..js (node:internal/modules/cjs/loader:1548:10)
    at Module.load (node:internal/modules/cjs/loader:1288:32)
    at Module._load (node:internal/modules/cjs/loader:1104:12)
    at Module.require (node:internal/modules/cjs/loader:1311:19)
    at require (node:internal/modules/helpers:179:18)
    at Object.<anonymous> (/home/parul/Documents/Project/Taylor/Blue-sky/blue-sky-tie-down-node-api/api/v1.0.1/routes/termsCodes.routes.js:3:30)
    at Module._compile (node:internal/modules/cjs/loader:1469:14)
    at Module._extensions..js (node:internal/modules/cjs/loader:1548:10) {"error":{},"stack":"/home/parul/Documents/Project/Taylor/Blue-sky/blue-sky-tie-down-node-api/api/v1.0.1/controllers/termsCodes.controller.js:12\n=  /* Add Terms Code */\n^\n\nSyntaxError: Unexpected token '='\n    at wrapSafe (node:internal/modules/cjs/loader:1378:20)\n    at Module._compile (node:internal/modules/cjs/loader:1428:41)\n    at Module._extensions..js (node:internal/modules/cjs/loader:1548:10)\n    at Module.load (node:internal/modules/cjs/loader:1288:32)\n    at Module._load (node:internal/modules/cjs/loader:1104:12)\n    at Module.require (node:internal/modules/cjs/loader:1311:19)\n    at require (node:internal/modules/helpers:179:18)\n    at Object.<anonymous> (/home/parul/Documents/Project/Taylor/Blue-sky/blue-sky-tie-down-node-api/api/v1.0.1/routes/termsCodes.routes.js:3:30)\n    at Module._compile (node:internal/modules/cjs/loader:1469:14)\n    at Module._extensions..js (node:internal/modules/cjs/loader:1548:10)","exception":true,"date":"Wed Sep 24 2025 15:29:56 GMT+0530 (India Standard Time)","process":{"pid":308481,"uid":1000,"gid":1000,"cwd":"/home/parul/Documents/Project/Taylor/Blue-sky/blue-sky-tie-down-node-api","execPath":"/home/parul/.nvm/versions/node/v20.18.0/bin/node","version":"v20.18.0","argv":["/home/parul/.nvm/versions/node/v20.18.0/bin/node","/home/parul/Documents/Project/Taylor/Blue-sky/blue-sky-tie-down-node-api/index.js"],"memoryUsage":{"rss":151220224,"heapTotal":90804224,"heapUsed":65396392,"external":6993483,"arrayBuffers":3471915}},"os":{"loadavg":[0.78,1.04,1.15],"uptime":21581.59},"trace":[{"column":20,"file":"node:internal/modules/cjs/loader","function":"wrapSafe","line":1378,"method":null,"native":false},{"column":41,"file":"node:internal/modules/cjs/loader","function":"Module._compile","line":1428,"method":"_compile","native":false},{"column":10,"file":"node:internal/modules/cjs/loader","function":"Module._extensions..js","line":1548,"method":".js","native":false},{"column":32,"file":"node:internal/modules/cjs/loader","function":"Module.load","line":1288,"method":"load","native":false},{"column":12,"file":"node:internal/modules/cjs/loader","function":"Module._load","line":1104,"method":"_load","native":false},{"column":19,"file":"node:internal/modules/cjs/loader","function":"Module.require","line":1311,"method":"require","native":false},{"column":18,"file":"node:internal/modules/helpers","function":"require","line":179,"method":null,"native":false},{"column":30,"file":"/home/parul/Documents/Project/Taylor/Blue-sky/blue-sky-tie-down-node-api/api/v1.0.1/routes/termsCodes.routes.js","function":null,"line":3,"method":null,"native":false},{"column":14,"file":"node:internal/modules/cjs/loader","function":"Module._compile","line":1469,"method":"_compile","native":false},{"column":10,"file":"node:internal/modules/cjs/loader","function":"Module._extensions..js","line":1548,"method":".js","native":false}]}
2025-09-24T10:00:38.399Z [error] : Error : Lead team not found Error: Lead team not found
    at Object.getTeamsById (/home/parul/Documents/Project/Taylor/Blue-sky/blue-sky-tie-down-node-api/api/v1.0.1/services/termsCodes.services.js:55:15)
    at process.processTicksAndRejections (node:internal/process/task_queues:95:5)
    at async getTeamsById (/home/parul/Documents/Project/Taylor/Blue-sky/blue-sky-tie-down-node-api/api/v1.0.1/controllers/termsCodes.controller.js:110:22) 
2025-09-24T10:00:39.863Z [error] : Error : Lead team not found Error: Lead team not found
    at Object.getTeamsById (/home/parul/Documents/Project/Taylor/Blue-sky/blue-sky-tie-down-node-api/api/v1.0.1/services/termsCodes.services.js:55:15)
    at process.processTicksAndRejections (node:internal/process/task_queues:95:5)
    at async getTeamsById (/home/parul/Documents/Project/Taylor/Blue-sky/blue-sky-tie-down-node-api/api/v1.0.1/controllers/termsCodes.controller.js:110:22) 
2025-09-24T10:00:59.621Z [error] : Error : Terms code not found Error: Terms code not found
    at Object.getTeamsById (/home/parul/Documents/Project/Taylor/Blue-sky/blue-sky-tie-down-node-api/api/v1.0.1/services/termsCodes.services.js:55:15)
    at process.processTicksAndRejections (node:internal/process/task_queues:95:5)
    at async getTeamsById (/home/parul/Documents/Project/Taylor/Blue-sky/blue-sky-tie-down-node-api/api/v1.0.1/controllers/termsCodes.controller.js:110:22) 
2025-09-24T10:07:25.547Z [error] : Error : Terms code not found Error: Terms code not found
    at Object.updateTeams (/home/parul/Documents/Project/Taylor/Blue-sky/blue-sky-tie-down-node-api/api/v1.0.1/services/termsCodes.services.js:89:29)
    at process.processTicksAndRejections (node:internal/process/task_queues:95:5)
    at async updateTeams (/home/parul/Documents/Project/Taylor/Blue-sky/blue-sky-tie-down-node-api/api/v1.0.1/controllers/termsCodes.controller.js:196:22) 
